<?xml version="1.0" encoding="UTF-8"?>
<!-- Generated by org.testng.reporters.JUnitReportReporter -->
<testsuite hostname="DESKTOP-OFPJT34" failures="0" tests="4" name="TESTCASES.TESTCASE2" time="52.999" errors="0" timestamp="2024-08-30T20:58:34 IST" skipped="0">
  <testcase classname="TESTCASES.TESTCASE2" name="TESTCASE2" time="13.224">
    <system-out>
      <![CDATA[<a target="_blank" href=Fri_Aug_30_20_58_20_IST_2024.jpg>Screenshot</a>
<br>
<br>
<a target="_blank" href=Fri_Aug_30_20_58_20_IST_2024.jpg><img src=Fri_Aug_30_20_58_20_IST_2024.jpg height=200 width=200></img></a>]]>
    </system-out>
  </testcase> <!-- TESTCASE2 -->
  <testcase classname="TESTCASES.TESTCASE2" name="TESTCASE2" time="13.296">
    <system-out>
      <![CDATA[<a target="_blank" href=Fri_Aug_30_20_57_53_IST_2024.jpg>Screenshot</a>
<br>
<br>
<a target="_blank" href=Fri_Aug_30_20_57_53_IST_2024.jpg><img src=Fri_Aug_30_20_57_53_IST_2024.jpg height=200 width=200></img></a>]]>
    </system-out>
  </testcase> <!-- TESTCASE2 -->
  <testcase classname="TESTCASES.TESTCASE2" name="TESTCASE2" time="13.240">
    <system-out>
      <![CDATA[<a target="_blank" href=Fri_Aug_30_20_58_07_IST_2024.jpg>Screenshot</a>
<br>
<br>
<a target="_blank" href=Fri_Aug_30_20_58_07_IST_2024.jpg><img src=Fri_Aug_30_20_58_07_IST_2024.jpg height=200 width=200></img></a>]]>
    </system-out>
  </testcase> <!-- TESTCASE2 -->
  <testcase classname="TESTCASES.TESTCASE2" name="TESTCASE2" time="13.239">
    <system-out>
      <![CDATA[<a target="_blank" href=Fri_Aug_30_20_58_33_IST_2024.jpg>Screenshot</a>
<br>
<br>
<a target="_blank" href=Fri_Aug_30_20_58_33_IST_2024.jpg><img src=Fri_Aug_30_20_58_33_IST_2024.jpg height=200 width=200></img></a>]]>
    </system-out>
  </testcase> <!-- TESTCASE2 -->
  <system-out>
    <![CDATA[<br>Verification failure : expected [Protractor practice website - Banking App] but found [Protractor practice website - Banking Aps]<br>
<a target="_blank" href=Fri_Aug_30_20_56_43_IST_2024.jpg><img src=Fri_Aug_30_20_56_43_IST_2024.jpg height=200 width=200></img></a>
<br>
<br>
<a target="_blank" href=Fri_Aug_30_20_56_45_IST_2024.jpg>Screenshot</a>
<br>
<br>
<a target="_blank" href=Fri_Aug_30_20_56_45_IST_2024.jpg><img src=Fri_Aug_30_20_56_45_IST_2024.jpg height=200 width=200></img></a>
TEST CASE 1 IS STARTED!!!
TEST CASE 1 completed!!!
<a target="_blank" href=Fri_Aug_30_20_56_59_IST_2024.jpg>Screenshot</a>
<br>
<br>
<a target="_blank" href=Fri_Aug_30_20_56_59_IST_2024.jpg><img src=Fri_Aug_30_20_56_59_IST_2024.jpg height=200 width=200></img></a>
TEST CASE 1 IS STARTED!!!
TEST CASE 1 completed!!!
<a target="_blank" href=Fri_Aug_30_20_57_12_IST_2024.jpg>Screenshot</a>
<br>
<br>
<a target="_blank" href=Fri_Aug_30_20_57_12_IST_2024.jpg><img src=Fri_Aug_30_20_57_12_IST_2024.jpg height=200 width=200></img></a>
TEST CASE 1 IS STARTED!!!
TEST CASE 1 completed!!!
<a target="_blank" href=Fri_Aug_30_20_57_26_IST_2024.jpg>Screenshot</a>
<br>
<br>
<a target="_blank" href=Fri_Aug_30_20_57_26_IST_2024.jpg><img src=Fri_Aug_30_20_57_26_IST_2024.jpg height=200 width=200></img></a>
TEST CASE 1 IS STARTED!!!
TEST CASE 1 completed!!!
<a target="_blank" href=Fri_Aug_30_20_57_39_IST_2024.jpg>Screenshot</a>
<br>
<br>
<a target="_blank" href=Fri_Aug_30_20_57_39_IST_2024.jpg><img src=Fri_Aug_30_20_57_39_IST_2024.jpg height=200 width=200></img></a>
<a target="_blank" href=Fri_Aug_30_20_57_53_IST_2024.jpg>Screenshot</a>
<br>
<br>
<a target="_blank" href=Fri_Aug_30_20_57_53_IST_2024.jpg><img src=Fri_Aug_30_20_57_53_IST_2024.jpg height=200 width=200></img></a>
<a target="_blank" href=Fri_Aug_30_20_58_07_IST_2024.jpg>Screenshot</a>
<br>
<br>
<a target="_blank" href=Fri_Aug_30_20_58_07_IST_2024.jpg><img src=Fri_Aug_30_20_58_07_IST_2024.jpg height=200 width=200></img></a>
<a target="_blank" href=Fri_Aug_30_20_58_20_IST_2024.jpg>Screenshot</a>
<br>
<br>
<a target="_blank" href=Fri_Aug_30_20_58_20_IST_2024.jpg><img src=Fri_Aug_30_20_58_20_IST_2024.jpg height=200 width=200></img></a>
<a target="_blank" href=Fri_Aug_30_20_58_33_IST_2024.jpg>Screenshot</a>
<br>
<br>
<a target="_blank" href=Fri_Aug_30_20_58_33_IST_2024.jpg><img src=Fri_Aug_30_20_58_33_IST_2024.jpg height=200 width=200></img></a>]]>
  </system-out>
</testsuite> <!-- TESTCASES.TESTCASE2 -->
